This is pdfTeX, Version 3.141592653-2.6-1.40.27 (MiKTeX 25.4) (preloaded format=pdflatex 2025.8.9)  3 SEP 2025 18:02
entering extended mode
 restricted \write18 enabled.
 file:line:error style messages enabled.
 %&-line parsing enabled.
**c:/Users/user/OneDrive/Desktop/EcoBrick/main.tex
(c:/Users/user/OneDrive/Desktop/EcoBrick/main.tex
LaTeX2e <2025-06-01> patch level 1
L3 programming layer <2025-07-20>
(C:\Users\user\AppData\Local\Programs\MiKTeX\tex/latex/base\report.cls
Document Class: report 2025/01/22 v1.4n Standard LaTeX document class
(C:\Users\user\AppData\Local\Programs\MiKTeX\tex/latex/base\size12.clo
File: size12.clo 2025/01/22 v1.4n Standard LaTeX file (size option)
)
\c@part=\count275
\c@chapter=\count276
\c@section=\count277
\c@subsection=\count278
\c@subsubsection=\count279
\c@paragraph=\count280
\c@subparagraph=\count281
\c@figure=\count282
\c@table=\count283
\abovecaptionskip=\skip49
\belowcaptionskip=\skip50
\bibindent=\dimen148
) (C:\Users\user\AppData\Local\Programs\MiKTeX\tex/latex/graphics\graphicx.sty
Package: graphicx 2024/12/31 v1.2e Enhanced LaTeX Graphics (DPC,SPQR)
 (C:\Users\user\AppData\Local\Programs\MiKTeX\tex/latex/graphics\keyval.sty
Package: keyval 2022/05/29 v1.15 key=value parser (DPC)
\KV@toks@=\toks17
) (C:\Users\user\AppData\Local\Programs\MiKTeX\tex/latex/graphics\graphics.sty
Package: graphics 2024/08/06 v1.4g Standard LaTeX Graphics (DPC,SPQR)
 (C:\Users\user\AppData\Local\Programs\MiKTeX\tex/latex/graphics\trig.sty
Package: trig 2023/12/02 v1.11 sin cos tan (DPC)
) (C:\Users\user\AppData\Local\Programs\MiKTeX\tex/latex/graphics-cfg\graphics.cfg
File: graphics.cfg 2016/06/04 v1.11 sample graphics configuration
)
Package graphics Info: Driver file: pdftex.def on input line 106.
 (C:\Users\user\AppData\Local\Programs\MiKTeX\tex/latex/graphics-def\pdftex.def
File: pdftex.def 2024/04/13 v1.2c Graphics/color driver for pdftex
))
\Gin@req@height=\dimen149
\Gin@req@width=\dimen150
) (C:\Users\user\AppData\Local\Programs\MiKTeX\tex/generic/babel\babel.sty
Package: babel 2025/08/03 v25.12 The multilingual framework for LuaLaTeX, pdfLaTeX and XeLaTeX
\babel@savecnt=\count284
LaTeX Encoding Info:    Redeclaring text command \ij (encoding OT1) on input line 2045.
LaTeX Encoding Info:    Redeclaring text command \IJ (encoding OT1) on input line 2047.
LaTeX Encoding Info:    Redeclaring text command \ij (encoding T1) on input line 2049.
LaTeX Encoding Info:    Redeclaring text command \IJ (encoding T1) on input line 2050.
LaTeX Encoding Info:    Ignoring declaration for text command \ij (encoding ?) on input line 2051.
LaTeX Encoding Info:    Ignoring declaration for text command \IJ (encoding ?) on input line 2053.
LaTeX Encoding Info:    Ignoring declaration for text command \SS (encoding ?) on input line 2078.
\U@D=\dimen151
\l@unhyphenated=\language79
 (C:\Users\user\AppData\Local\Programs\MiKTeX\tex/generic/babel\txtbabel.def)
\bbl@readstream=\read2
\bbl@dirlevel=\count285

*************************************
* Local config file bblopts.cfg used
*
(C:\Users\user\AppData\Local\Programs\MiKTeX\tex/latex/arabi\bblopts.cfg
File: bblopts.cfg 2005/09/08 v0.1 add Arabic and Farsi to "declared" options of babel
) (C:\Users\user\AppData\Local\Programs\MiKTeX\tex/latex/babel-english\english.ldf
Language: english 2017/06/06 v3.3r English support from the babel system
 (C:\Users\user\AppData\Local\Programs\MiKTeX\tex/generic/babel/locale/en\babel-english.tex
Package babel Info: Importing font and identification data for english
(babel)             from babel-en.ini. Reported on input line 12.
)
Package babel Info: Hyphen rules for 'canadian' set to \l@english
(babel)             (\language0). Reported on input line 102.
Package babel Info: Hyphen rules for 'australian' set to \l@ukenglish
(babel)             (\language73). Reported on input line 105.
Package babel Info: Hyphen rules for 'newzealand' set to \l@ukenglish
(babel)             (\language73). Reported on input line 108.
)) (C:\Users\user\AppData\Local\Programs\MiKTeX\tex/latex/base\inputenc.sty
Package: inputenc 2024/02/08 v1.3d Input encoding file
\inpenc@prehook=\toks18
\inpenc@posthook=\toks19
) (C:\Users\user\AppData\Local\Programs\MiKTeX\tex/latex/base\fontenc.sty
Package: fontenc 2024/12/21 v2.1c Standard LaTeX package
) (C:\Users\user\AppData\Local\Programs\MiKTeX\tex/latex/tools\array.sty
Package: array 2025/06/08 v2.6j Tabular extension package (FMi)
\col@sep=\dimen152
\ar@mcellbox=\box53
\extrarowheight=\dimen153
\NC@list=\toks20
\extratabsurround=\skip51
\backup@length=\skip52
\ar@cellbox=\box54
) (C:\Users\user\AppData\Local\Programs\MiKTeX\tex/latex/enumitem\enumitem.sty
Package: enumitem 2025/02/06 v3.11 Customized lists
\labelindent=\skip53
\enit@outerparindent=\dimen154
\enit@toks=\toks21
\enit@inbox=\box55
\enit@count@id=\count286
\enitdp@description=\count287
) (C:\Users\user\AppData\Local\Programs\MiKTeX\tex/latex/amsmath\amsmath.sty
Package: amsmath 2025/06/16 v2.17y AMS math features
\@mathmargin=\skip54

For additional information on amsmath, use the `?' option.
(C:\Users\user\AppData\Local\Programs\MiKTeX\tex/latex/amsmath\amstext.sty
Package: amstext 2024/11/17 v2.01 AMS text
 (C:\Users\user\AppData\Local\Programs\MiKTeX\tex/latex/amsmath\amsgen.sty
File: amsgen.sty 1999/11/30 v2.0 generic functions
\@emptytoks=\toks22
\ex@=\dimen155
)) (C:\Users\user\AppData\Local\Programs\MiKTeX\tex/latex/amsmath\amsbsy.sty
Package: amsbsy 1999/11/29 v1.2d Bold Symbols
\pmbraise@=\dimen156
) (C:\Users\user\AppData\Local\Programs\MiKTeX\tex/latex/amsmath\amsopn.sty
Package: amsopn 2022/04/08 v2.04 operator names
)
\inf@bad=\count288
LaTeX Info: Redefining \frac on input line 233.
\uproot@=\count289
\leftroot@=\count290
LaTeX Info: Redefining \overline on input line 398.
LaTeX Info: Redefining \colon on input line 409.
\classnum@=\count291
\DOTSCASE@=\count292
LaTeX Info: Redefining \ldots on input line 495.
LaTeX Info: Redefining \dots on input line 498.
LaTeX Info: Redefining \cdots on input line 619.
\Mathstrutbox@=\box56
\strutbox@=\box57
LaTeX Info: Redefining \big on input line 721.
LaTeX Info: Redefining \Big on input line 722.
LaTeX Info: Redefining \bigg on input line 723.
LaTeX Info: Redefining \Bigg on input line 724.
\big@size=\dimen157
LaTeX Font Info:    Redeclaring font encoding OML on input line 742.
LaTeX Font Info:    Redeclaring font encoding OMS on input line 743.
\macc@depth=\count293
LaTeX Info: Redefining \bmod on input line 904.
LaTeX Info: Redefining \pmod on input line 909.
LaTeX Info: Redefining \smash on input line 939.
LaTeX Info: Redefining \relbar on input line 969.
LaTeX Info: Redefining \Relbar on input line 970.
\c@MaxMatrixCols=\count294
\dotsspace@=\muskip17
\c@parentequation=\count295
\dspbrk@lvl=\count296
\tag@help=\toks23
\row@=\count297
\column@=\count298
\maxfields@=\count299
\andhelp@=\toks24
\eqnshift@=\dimen158
\alignsep@=\dimen159
\tagshift@=\dimen160
\tagwidth@=\dimen161
\totwidth@=\dimen162
\lineht@=\dimen163
\@envbody=\toks25
\multlinegap=\skip55
\multlinetaggap=\skip56
\mathdisplay@stack=\toks26
LaTeX Info: Redefining \[ on input line 2949.
LaTeX Info: Redefining \] on input line 2950.
) (C:\Users\user\AppData\Local\Programs\MiKTeX\tex/latex/tools\tabularx.sty
Package: tabularx 2023/12/11 v2.12a `tabularx' package (DPC)
\TX@col@width=\dimen164
\TX@old@table=\dimen165
\TX@old@col=\dimen166
\TX@target=\dimen167
\TX@delta=\dimen168
\TX@cols=\count300
\TX@ftn=\toks27
) (C:\Users\user\AppData\Local\Programs\MiKTeX\tex/latex/adjustbox\adjustbox.sty
Package: adjustbox 2025/02/26 v1.3c Adjusting TeX boxes (trim, clip, ...)
 (C:\Users\user\AppData\Local\Programs\MiKTeX\tex/latex/xkeyval\xkeyval.sty
Package: xkeyval 2022/06/16 v2.9 package option processing (HA)
 (C:\Users\user\AppData\Local\Programs\MiKTeX\tex/generic/xkeyval\xkeyval.tex (C:\Users\user\AppData\Local\Programs\MiKTeX\tex/generic/xkeyval\xkvutils.tex
\XKV@toks=\toks28
\XKV@tempa@toks=\toks29
)
\XKV@depth=\count301
File: xkeyval.tex 2014/12/03 v2.7a key=value parser (HA)
)) (C:\Users\user\AppData\Local\Programs\MiKTeX\tex/latex/adjustbox\adjcalc.sty
Package: adjcalc 2012/05/16 v1.1 Provides advanced setlength with multiple back-ends (calc, etex, pgfmath)
) (C:\Users\user\AppData\Local\Programs\MiKTeX\tex/latex/adjustbox\trimclip.sty
Package: trimclip 2025/02/21 v1.2a Trim and clip general TeX material
 (C:\Users\user\AppData\Local\Programs\MiKTeX\tex/latex/collectbox\collectbox.sty
Package: collectbox 2022/10/17 v0.4c Collect macro arguments as boxes
\collectedbox=\box58
)
\tc@llx=\dimen169
\tc@lly=\dimen170
\tc@urx=\dimen171
\tc@ury=\dimen172
Package trimclip Info: Using driver 'tc-pdftex.def'.
 (C:\Users\user\AppData\Local\Programs\MiKTeX\tex/latex/adjustbox\tc-pdftex.def
File: tc-pdftex.def 2025/02/26 v2.3 Clipping driver for pdftex
))
\adjbox@Width=\dimen173
\adjbox@Height=\dimen174
\adjbox@Depth=\dimen175
\adjbox@Totalheight=\dimen176
\adjbox@pwidth=\dimen177
\adjbox@pheight=\dimen178
\adjbox@pdepth=\dimen179
\adjbox@ptotalheight=\dimen180
 (C:\Users\user\AppData\Local\Programs\MiKTeX\tex/latex/ifoddpage\ifoddpage.sty
Package: ifoddpage 2022/10/18 v1.2 Conditionals for odd/even page detection
\c@checkoddpage=\count302
) (C:\Users\user\AppData\Local\Programs\MiKTeX\tex/latex/varwidth\varwidth.sty
Package: varwidth 2009/03/30 ver 0.92;  Variable-width minipages
\@vwid@box=\box59
\sift@deathcycles=\count303
\@vwid@loff=\dimen181
\@vwid@roff=\dimen182
)
==> First Aid for varwidth.sty applied!
) (C:\Users\user\AppData\Local\Programs\MiKTeX\tex/latex/tools\longtable.sty
Package: longtable 2024-12-18 v4.23 Multi-page Table package (DPC)
\LTleft=\skip57
\LTright=\skip58
\LTpre=\skip59
\LTpost=\skip60
\LTchunksize=\count304
\LTcapwidth=\dimen183
\LT@head=\box60
\LT@firsthead=\box61
\LT@foot=\box62
\LT@lastfoot=\box63
\LT@gbox=\box64
\LT@cols=\count305
\LT@rows=\count306
\c@LT@tables=\count307
\c@LT@chunks=\count308
\LT@p@ftn=\toks30
) (C:\Users\user\AppData\Local\Programs\MiKTeX\tex/latex/caption\subcaption.sty
Package: subcaption 2023/07/28 v1.6b Sub-captions (AR)
 (C:\Users\user\AppData\Local\Programs\MiKTeX\tex/latex/caption\caption.sty
Package: caption 2023/08/05 v3.6o Customizing captions (AR)
 (C:\Users\user\AppData\Local\Programs\MiKTeX\tex/latex/caption\caption3.sty
Package: caption3 2023/07/31 v2.4d caption3 kernel (AR)
\caption@tempdima=\dimen184
\captionmargin=\dimen185
\caption@leftmargin=\dimen186
\caption@rightmargin=\dimen187
\caption@width=\dimen188
\caption@indent=\dimen189
\caption@parindent=\dimen190
\caption@hangindent=\dimen191
Package caption Info: Standard document class detected.
)
\c@caption@flags=\count309
\c@continuedfloat=\count310
Package caption Info: longtable package is loaded.
 (C:\Users\user\AppData\Local\Programs\MiKTeX\tex/latex/caption\ltcaption.sty
Package: ltcaption 2021/01/08 v1.4c longtable captions (AR)
))
Package caption Info: New subtype `subfigure' on input line 238.
\c@subfigure=\count311
Package caption Info: New subtype `subtable' on input line 238.
\c@subtable=\count312
) (C:\Users\user\AppData\Local\Programs\MiKTeX\tex/latex/geometry\geometry.sty
Package: geometry 2020/01/02 v5.9 Page Geometry
 (C:\Users\user\AppData\Local\Programs\MiKTeX\tex/generic/iftex\ifvtex.sty
Package: ifvtex 2019/10/25 v1.7 ifvtex legacy package. Use iftex instead.
 (C:\Users\user\AppData\Local\Programs\MiKTeX\tex/generic/iftex\iftex.sty
Package: iftex 2024/12/12 v1.0g TeX engine tests
))
\Gm@cnth=\count313
\Gm@cntv=\count314
\c@Gm@tempcnt=\count315
\Gm@bindingoffset=\dimen192
\Gm@wd@mp=\dimen193
\Gm@odd@mp=\dimen194
\Gm@even@mp=\dimen195
\Gm@layoutwidth=\dimen196
\Gm@layoutheight=\dimen197
\Gm@layouthoffset=\dimen198
\Gm@layoutvoffset=\dimen199
\Gm@dimlist=\toks31
 (C:\Users\user\AppData\Local\Programs\MiKTeX\tex/latex/geometry\geometry.cfg)) (C:\Users\user\AppData\Local\Programs\MiKTeX\tex/latex/multirow\multirow.sty
Package: multirow 2024/11/12 v2.9 Span multiple rows of a table
\multirow@colwidth=\skip61
\multirow@cntb=\count316
\multirow@dima=\skip62
\bigstrutjot=\dimen256
) (C:\Users\user\AppData\Local\Programs\MiKTeX\tex/latex/xcolor\xcolor.sty
Package: xcolor 2024/09/29 v3.02 LaTeX color extensions (UK)
 (C:\Users\user\AppData\Local\Programs\MiKTeX\tex/latex/graphics-cfg\color.cfg
File: color.cfg 2016/01/02 v1.6 sample color configuration
)
Package xcolor Info: Driver file: pdftex.def on input line 274.
 (C:\Users\user\AppData\Local\Programs\MiKTeX\tex/latex/graphics\mathcolor.ltx)
Package xcolor Info: Model `cmy' substituted by `cmy0' on input line 1349.
Package xcolor Info: Model `hsb' substituted by `rgb' on input line 1353.
Package xcolor Info: Model `RGB' extended on input line 1365.
Package xcolor Info: Model `HTML' substituted by `rgb' on input line 1367.
Package xcolor Info: Model `Hsb' substituted by `hsb' on input line 1368.
Package xcolor Info: Model `tHsb' substituted by `hsb' on input line 1369.
Package xcolor Info: Model `HSB' substituted by `hsb' on input line 1370.
Package xcolor Info: Model `Gray' substituted by `gray' on input line 1371.
Package xcolor Info: Model `wave' substituted by `hsb' on input line 1372.
) (C:\Users\user\AppData\Local\Programs\MiKTeX\tex/latex/colortbl\colortbl.sty
Package: colortbl 2024/10/29 v1.0k Color table columns (DPC)
\everycr=\toks32
\minrowclearance=\skip63
\rownum=\count317
) (C:\Users\user\AppData\Local\Programs\MiKTeX\tex/latex/float\float.sty
Package: float 2001/11/08 v1.3d Float enhancements (AL)
\c@float@type=\count318
\float@exts=\toks33
\float@box=\box65
\@float@everytoks=\toks34
\@floatcapt=\box66
) (C:\Users\user\AppData\Local\Programs\MiKTeX\tex/latex/l3backend\l3backend-pdftex.def
File: l3backend-pdftex.def 2025-06-09 L3 backend support: PDF output (pdfTeX)
\l__color_backend_stack_int=\count319
) (main.aux

LaTeX Warning: Label `fig:placeholder' multiply defined.


LaTeX Warning: Label `fig:placeholder' multiply defined.


LaTeX Warning: Label `fig:placeholder' multiply defined.


LaTeX Warning: Label `fig:placeholder' multiply defined.


LaTeX Warning: Label `fig:placeholder' multiply defined.


LaTeX Warning: Label `fig:placeholder' multiply defined.


LaTeX Warning: Label `tab:placeholder' multiply defined.


LaTeX Warning: Label `fig:placeholder' multiply defined.


LaTeX Warning: Label `fig:placeholder' multiply defined.


LaTeX Warning: Label `tab:placeholder' multiply defined.


LaTeX Warning: Label `tab:placeholder' multiply defined.


LaTeX Warning: Label `tab:placeholder' multiply defined.


LaTeX Warning: Label `tab:placeholder' multiply defined.


LaTeX Warning: Label `tab:placeholder' multiply defined.


LaTeX Warning: Label `tab:placeholder' multiply defined.


LaTeX Warning: Label `tab:placeholder' multiply defined.


LaTeX Warning: Label `tab:placeholder' multiply defined.


LaTeX Warning: Label `tab:placeholder' multiply defined.

)
\openout1 = `main.aux'.

LaTeX Font Info:    Checking defaults for OML/cmm/m/it on input line 27.
LaTeX Font Info:    ... okay on input line 27.
LaTeX Font Info:    Checking defaults for OMS/cmsy/m/n on input line 27.
LaTeX Font Info:    ... okay on input line 27.
LaTeX Font Info:    Checking defaults for OT1/cmr/m/n on input line 27.
LaTeX Font Info:    ... okay on input line 27.
LaTeX Font Info:    Checking defaults for T1/cmr/m/n on input line 27.
LaTeX Font Info:    ... okay on input line 27.
LaTeX Font Info:    Checking defaults for TS1/cmr/m/n on input line 27.
LaTeX Font Info:    ... okay on input line 27.
LaTeX Font Info:    Checking defaults for OMX/cmex/m/n on input line 27.
LaTeX Font Info:    ... okay on input line 27.
LaTeX Font Info:    Checking defaults for U/cmr/m/n on input line 27.
LaTeX Font Info:    ... okay on input line 27.
 (C:\Users\user\AppData\Local\Programs\MiKTeX\tex/context/base/mkii\supp-pdf.mkii
[Loading MPS to PDF converter (version 2006.09.02).]
\scratchcounter=\count320
\scratchdimen=\dimen257
\scratchbox=\box67
\nofMPsegments=\count321
\nofMParguments=\count322
\everyMPshowfont=\toks35
\MPscratchCnt=\count323
\MPscratchDim=\dimen258
\MPnumerator=\count324
\makeMPintoPDFobject=\count325
\everyMPtoPDFconversion=\toks36
) (C:\Users\user\AppData\Local\Programs\MiKTeX\tex/latex/epstopdf-pkg\epstopdf-base.sty
Package: epstopdf-base 2020-01-24 v2.11 Base part for package epstopdf
Package epstopdf-base Info: Redefining graphics rule for `.eps' on input line 485.
 (C:\Users\user\AppData\Local\Programs\MiKTeX\tex/latex/00miktex\epstopdf-sys.cfg
File: epstopdf-sys.cfg 2021/03/18 v2.0 Configuration of epstopdf for MiKTeX
))
Package caption Info: Begin \AtBeginDocument code.
Package caption Info: float package is loaded.
Package caption Info: End \AtBeginDocument code.

*geometry* driver: auto-detecting
*geometry* detected driver: pdftex
*geometry* verbose mode - [ preamble ] result:
* driver: pdftex
* paper: a4paper
* layout: <same size as paper>
* layoutoffset:(h,v)=(0.0pt,0.0pt)
* modes: 
* h-part:(L,W,R)=(89.62709pt, 418.25368pt, 89.6271pt)
* v-part:(T,H,B)=(101.40665pt, 591.5302pt, 152.11pt)
* \paperwidth=597.50787pt
* \paperheight=845.04684pt
* \textwidth=418.25368pt
* \textheight=591.5302pt
* \oddsidemargin=17.3571pt
* \evensidemargin=17.3571pt
* \topmargin=-7.86334pt
* \headheight=12.0pt
* \headsep=25.0pt
* \topskip=12.0pt
* \footskip=30.0pt
* \marginparwidth=35.0pt
* \marginparsep=10.0pt
* \columnsep=10.0pt
* \skip\footins=10.8pt plus 4.0pt minus 2.0pt
* \hoffset=0.0pt
* \voffset=0.0pt
* \mag=1000
* \@twocolumnfalse
* \@twosidefalse
* \@mparswitchfalse
* \@reversemarginfalse
* (1in=72.27pt=25.4mm, 1cm=28.453pt)

(Cover.tex
<Assets/butex.png, id=1, 1608.0075pt x 2007.5pt>
File: Assets/butex.png Graphic file (type png)
<use Assets/butex.png>
Package pdftex.def Info: Assets/butex.png  used on input line 8.
(pdftex.def)             Requested size: 125.47737pt x 156.62112pt.
) (Abstract.tex

[1

{C:/Users/user/AppData/Local/MiKTeX/fonts/map/pdftex/pdftex.map} <./Assets/butex.png>]

[1]) (Acknowledgement.tex)

[1] (main.toc
Overfull \hbox (5.57356pt too wide) in paragraph at lines 31--31
 [][] [] \T1/cmr/m/n/12 Com-par-i-son Be-tween Epoxy Resin and PET Resin Com-pos-ite Prepa- 
 []



[2

])
\tf@toc=\write3
\openout3 = `main.toc'.



[3] (main.lof

[4

])
\tf@lof=\write4
\openout4 = `main.lof'.



[5] (main.lot
Overfull \hbox (0.51784pt too wide) in paragraph at lines 11--11
 [][] []\T1/cmr/m/n/12 Comparison be-tween Epoxy and Polyester (PET) Resin-Based Com- 
 []

)
\tf@lot=\write5
\openout5 = `main.lot'.

 (Chapters/Ch01_Introduction.tex

[6

]
Chapter 1.

Underfull \hbox (badness 10000) in paragraph at lines 3--4

 []


Underfull \hbox (badness 10000) in paragraph at lines 5--6

 []


Underfull \hbox (badness 10000) in paragraph at lines 7--8

 []



[7

]
Underfull \hbox (badness 10000) in paragraph at lines 9--10

 []


Underfull \hbox (badness 10000) in paragraph at lines 11--12

 []


Underfull \hbox (badness 10000) in paragraph at lines 13--14

 []


Underfull \hbox (badness 10000) in paragraph at lines 15--16

 []



[8]
Underfull \hbox (badness 10000) in paragraph at lines 17--18

 []


Underfull \hbox (badness 10000) in paragraph at lines 19--20

 []


Underfull \hbox (badness 10000) in paragraph at lines 21--22

 []


Underfull \hbox (badness 10000) in paragraph at lines 23--24

 []



[9] (Sections/1.1.tex) (Sections/1.2.tex

[10]) (Sections/1.3.tex) (Sections/1.4.tex

[11])) (Chapters/Ch02_Literature_Review.tex

[12]
Chapter 2.
(Sections/2.1.tex
Underfull \hbox (badness 10000) in paragraph at lines 3--4

 []



[13

]) (Sections/2.2.tex
Underfull \hbox (badness 10000) in paragraph at lines 3--4

 []

) (Sections/2.3.tex
Underfull \hbox (badness 10000) in paragraph at lines 2--3

 []


Underfull \hbox (badness 10000) in paragraph at lines 4--5

 []



[14]
Underfull \hbox (badness 10000) in paragraph at lines 6--7

 []

)) (Chapters/Ch03_Materials_Method.tex

[15]
Chapter 3.
<Assets/1.png, id=63, 663.98062pt x 963.6pt>
File: Assets/1.png Graphic file (type png)
<use Assets/1.png>
Package pdftex.def Info: Assets/1.png  used on input line 8.
(pdftex.def)             Requested size: 125.46867pt x 170.70569pt.
<Assets/2.png, id=65, 647.41875pt x 963.6pt>
File: Assets/2.png Graphic file (type png)
<use Assets/2.png>
Package pdftex.def Info: Assets/2.png  used on input line 15.
(pdftex.def)             Requested size: 125.47066pt x 170.70569pt.
<Assets/3.png, id=66, 721.94719pt x 963.6pt>
File: Assets/3.png Graphic file (type png)
<use Assets/3.png>
Package pdftex.def Info: Assets/3.png  used on input line 22.
(pdftex.def)             Requested size: 125.47238pt x 170.70569pt.
(Sections/3.1.tex

[16

 <./Assets/1.png> <./Assets/2.png> <./Assets/3.png>]
<Assets/4.png, id=73, 1156.32pt x 770.88pt>
File: Assets/4.png Graphic file (type png)
<use Assets/4.png>
Package pdftex.def Info: Assets/4.png  used on input line 19.
(pdftex.def)             Requested size: 313.69025pt x 209.11668pt.
<Assets/5.jpg, id=74, 911.65594pt x 911.65594pt>
File: Assets/5.jpg Graphic file (type jpg)
<use Assets/5.jpg>
Package pdftex.def Info: Assets/5.jpg  used on input line 26.
(pdftex.def)             Requested size: 250.95476pt x 250.9496pt.


[17 <./Assets/4.png>]
<Assets/6.jpg, id=80, 1027.84pt x 1027.84pt>
File: Assets/6.jpg Graphic file (type jpg)
<use Assets/6.jpg>
Package pdftex.def Info: Assets/6.jpg  used on input line 33.
(pdftex.def)             Requested size: 250.95476pt x 250.95256pt.


[18 <./Assets/5.jpg> <./Assets/6.jpg>]
Overfull \hbox (7.8648pt too wide) in paragraph at lines 53--53
 []|\T1/cmr/m/n/12 Length(mm)| 
 []

<Assets/7.png, id=84, 181.6605pt x 144.54pt>
File: Assets/7.png Graphic file (type png)
<use Assets/7.png>
Package pdftex.def Info: Assets/7.png  used on input line 86.
(pdftex.def)             Requested size: 188.21562pt x 142.27016pt.

Overfull \hbox (9.00275pt too wide) in paragraph at lines 86--87
 [][] 
 []

<Assets/8.png, id=85, 187.902pt x 144.2115pt>
File: Assets/8.png Graphic file (type png)
<use Assets/8.png>
Package pdftex.def Info: Assets/8.png  used on input line 92.
(pdftex.def)             Requested size: 188.22264pt x 142.2703pt.

Overfull \hbox (9.00977pt too wide) in paragraph at lines 92--93
 [][] 
 []



[19]
<Assets/9.png, id=89, 349.1955pt x 216.4815pt>
File: Assets/9.png Graphic file (type png)
<use Assets/9.png>
Package pdftex.def Info: Assets/9.png  used on input line 99.
(pdftex.def)             Requested size: 418.25368pt x 259.29753pt.

Overfull \hbox (9.0pt too wide) in paragraph at lines 99--100
 [][] 
 []


Overfull \hbox (5.1652pt too wide) in paragraph at lines 105--107
\T1/cmr/m/n/12 Three bind-ing agents were used to eval-u-ate bond-ing per-for-mance and cost-efficiency: 
 []



[20 <./Assets/7.png> <./Assets/8.png> <./Assets/9.png>]

[21]) (Sections/3.2.tex) (Sections/3.3.tex
Overfull \hbox (15.35004pt too wide) in paragraph at lines 1--1
[]\T1/cmr/bx/n/17.28 General Fab-ri-ca-tion Pro-cess of Com-pos-ite Bricks 
 []



[22]
<Assets/10.jpg, id=103, 1027.84pt x 1027.84pt>
File: Assets/10.jpg Graphic file (type jpg)
<use Assets/10.jpg>
Package pdftex.def Info: Assets/10.jpg  used on input line 27.
(pdftex.def)             Requested size: 418.25368pt x 418.24905pt.


[23]

[24 <./Assets/10.jpg>]
<Assets/11.jpg, id=111, 1027.84pt x 1541.76pt>
File: Assets/11.jpg Graphic file (type jpg)
<use Assets/11.jpg>
Package pdftex.def Info: Assets/11.jpg  used on input line 55.
(pdftex.def)             Requested size: 292.78061pt x 398.33093pt.


[25 <./Assets/11.jpg>]
<Assets/12.jpg, id=115, 770.88pt x 770.88pt>
File: Assets/12.jpg Graphic file (type jpg)
<use Assets/12.jpg>
Package pdftex.def Info: Assets/12.jpg  used on input line 84.
(pdftex.def)             Requested size: 200.75996pt x 200.75343pt.
<Assets/13.jpg, id=116, 1027.84pt x 1027.84pt>
File: Assets/13.jpg Graphic file (type jpg)
<use Assets/13.jpg>
Package pdftex.def Info: Assets/13.jpg  used on input line 90.
(pdftex.def)             Requested size: 200.75996pt x 200.7495pt.


[26 <./Assets/12.jpg> <./Assets/13.jpg>]
<Assets/14.jpg, id=120, 1027.84pt x 1541.76pt>
File: Assets/14.jpg Graphic file (type jpg)
<use Assets/14.jpg>
Package pdftex.def Info: Assets/14.jpg  used on input line 125.
(pdftex.def)             Requested size: 200.7495pt x 256.07324pt.
<Assets/15.jpg, id=121, 1027.84pt x 1027.84pt>
File: Assets/15.jpg Graphic file (type jpg)
<use Assets/15.jpg>
Package pdftex.def Info: Assets/15.jpg  used on input line 130.
(pdftex.def)             Requested size: 200.7495pt x 256.0654pt.


[27 <./Assets/14.jpg> <./Assets/15.jpg>]
<Assets/16.jpg, id=125, 1027.84pt x 1541.76pt>
File: Assets/16.jpg Graphic file (type jpg)
<use Assets/16.jpg>
Package pdftex.def Info: Assets/16.jpg  used on input line 157.
(pdftex.def)             Requested size: 200.75996pt x 301.12425pt.
<Assets/17.jpg, id=126, 1027.84pt x 1541.76pt>
File: Assets/17.jpg Graphic file (type jpg)
<use Assets/17.jpg>
Package pdftex.def Info: Assets/17.jpg  used on input line 162.
(pdftex.def)             Requested size: 200.75996pt x 301.12425pt.


[28 <./Assets/16.jpg> <./Assets/17.jpg>]
<Assets/18.jpg, id=130, 1027.84pt x 1541.76pt>
File: Assets/18.jpg Graphic file (type jpg)
<use Assets/18.jpg>
Package pdftex.def Info: Assets/18.jpg  used on input line 178.
(pdftex.def)             Requested size: 200.75996pt x 301.12425pt.
<Assets/19.jpg, id=131, 1027.84pt x 1541.76pt>
File: Assets/19.jpg Graphic file (type jpg)
<use Assets/19.jpg>
Package pdftex.def Info: Assets/19.jpg  used on input line 183.
(pdftex.def)             Requested size: 200.75996pt x 301.12425pt.


[29 <./Assets/18.jpg> <./Assets/19.jpg>]) (Sections/3.4.tex

[30]

[31]

[32]

[33]) (Sections/3.5.tex

[34] [35]) (Sections/3.6.tex

[36]
<Assets/20.jpg, id=158, 586.19pt x 878.28125pt>
File: Assets/20.jpg Graphic file (type jpg)
<use Assets/20.jpg>
Package pdftex.def Info: Assets/20.jpg  used on input line 45.
(pdftex.def)             Requested size: 189.90126pt x 284.52672pt.

Underfull \hbox (badness 2205) in paragraph at lines 46--46
[]\T1/cmr/m/n/12 Figure 3.17: |Com-pres-sive Strength
 []

<Assets/21.jpg, id=159, 586.19pt x 878.28125pt>
File: Assets/21.jpg Graphic file (type jpg)
<use Assets/21.jpg>
Package pdftex.def Info: Assets/21.jpg  used on input line 50.
(pdftex.def)             Requested size: 189.90126pt x 284.52672pt.
<Assets/22.jpg, id=160, 586.19pt x 880.28876pt>
File: Assets/22.jpg Graphic file (type jpg)
<use Assets/22.jpg>
Package pdftex.def Info: Assets/22.jpg  used on input line 58.
(pdftex.def)             Requested size: 200.75992pt x 227.62048pt.
<Assets/23.jpg, id=161, 609.77812pt x 720.44156pt>
File: Assets/23.jpg Graphic file (type jpg)
<use Assets/23.jpg>
Package pdftex.def Info: Assets/23.jpg  used on input line 64.
(pdftex.def)             Requested size: 192.65799pt x 227.62186pt.


[37]
Overfull \vbox (13.57109pt too high) has occurred while \output is active []



[38 <./Assets/20.jpg> <./Assets/21.jpg> <./Assets/22.jpg> <./Assets/23.jpg>]
<Assets/24.jpg, id=170, 596.2275pt x 649.42625pt>
File: Assets/24.jpg Graphic file (type jpg)
<use Assets/24.jpg>
Package pdftex.def Info: Assets/24.jpg  used on input line 75.
(pdftex.def)             Requested size: 200.75867pt x 227.61969pt.
<Assets/25.jpg, id=171, 969.6225pt x 969.6225pt>
File: Assets/25.jpg Graphic file (type jpg)
<use Assets/25.jpg>
Package pdftex.def Info: Assets/25.jpg  used on input line 80.
(pdftex.def)             Requested size: 200.75645pt x 227.6098pt.
<Assets/26.jpg, id=172, 911.65594pt x 607.51968pt>
File: Assets/26.jpg Graphic file (type jpg)
<use Assets/26.jpg>
Package pdftex.def Info: Assets/26.jpg  used on input line 87.
(pdftex.def)             Requested size: 418.25397pt x 199.16577pt.


[39 <./Assets/24.jpg> <./Assets/25.jpg> <./Assets/26.jpg>])) (Chapters/Ch04_Result_Discussion.tex

[40]
Chapter 4.

Underfull \hbox (badness 10000) in paragraph at lines 2--3

 []


Underfull \hbox (badness 10000) in paragraph at lines 4--5

 []


Underfull \hbox (badness 10000) in paragraph at lines 6--7

 []


Underfull \hbox (badness 10000) in paragraph at lines 8--9

 []

(Sections/4.1.tex
Overfull \hbox (5.17934pt too wide) in paragraph at lines 8--25
[][] 
 []



[41

]
<Assets/27.png, id=183, 971.63pt x 725.71124pt>
File: Assets/27.png Graphic file (type png)
<use Assets/27.png>
Package pdftex.def Info: Assets/27.png  used on input line 32.
(pdftex.def)             Requested size: 418.25237pt x 284.53223pt.

Overfull \hbox (8.99869pt too wide) in paragraph at lines 32--33
 [][] 
 []



[42 <./Assets/27.png (PNG copy)>]
Overfull \hbox (3.52087pt too wide) in paragraph at lines 50--70
[][] 
 []

<Assets/28.jpg, id=187, 1170.3725pt x 725.71124pt>
File: Assets/28.jpg Graphic file (type jpg)
<use Assets/28.jpg>
Package pdftex.def Info: Assets/28.jpg  used on input line 77.
(pdftex.def)             Requested size: 418.26213pt x 284.53223pt.

Overfull \hbox (9.00845pt too wide) in paragraph at lines 77--78
 [][] 
 []



[43]

[44 <./Assets/28.jpg>]
Overfull \hbox (4.37935pt too wide) in paragraph at lines 93--104
[][] 
 []



[45]
<Assets/29.png, id=197, 1170.3725pt x 772.8875pt>
File: Assets/29.png Graphic file (type png)
<use Assets/29.png>
Package pdftex.def Info: Assets/29.png  used on input line 115.
(pdftex.def)             Requested size: 418.26213pt x 284.52512pt.

Overfull \hbox (9.00845pt too wide) in paragraph at lines 115--116
 [][] 
 []


Overfull \hbox (9.9793pt too wide) in paragraph at lines 125--144
[][] 
 []



[46 <./Assets/29.png (PNG copy)>]
<Assets/30.png, id=201, 1170.3725pt x 772.8875pt>
File: Assets/30.png Graphic file (type png)
<use Assets/30.png>
Package pdftex.def Info: Assets/30.png  used on input line 151.
(pdftex.def)             Requested size: 418.26213pt x 284.52512pt.

Overfull \hbox (9.00845pt too wide) in paragraph at lines 151--152
 [][] 
 []



[47 <./Assets/30.png (PNG copy)>]
Overfull \hbox (5.17934pt too wide) in paragraph at lines 167--180
[][] 
 []

<Assets/31.png, id=206, 1170.3725pt x 772.8875pt>
File: Assets/31.png Graphic file (type png)
<use Assets/31.png>
Package pdftex.def Info: Assets/31.png  used on input line 187.
(pdftex.def)             Requested size: 418.26213pt x 284.52512pt.

Overfull \hbox (9.00845pt too wide) in paragraph at lines 187--188
 [][] 
 []



[48]

[49 <./Assets/31.png (PNG copy)>]) (Sections/4.2.tex
Overfull \hbox (7.1816pt too wide) in paragraph at lines 16--16
 []|\T1/cmr/m/n/12 Compressive 
 []

) (Sections/4.3.tex
Overfull \hbox (5.17934pt too wide) in alignment at lines 10--21
 [] [] [] [] 
 []

[50]) (Sections/4.4.tex
Overfull \hbox (9.8057pt too wide) in alignment at lines 11--25
 [] [] [] [] [] 
 []

[51]
<Assets/32.png, id=219, 596.2275pt x 447.6725pt>
File: Assets/32.png Graphic file (type png)
<use Assets/32.png>
Package pdftex.def Info: Assets/32.png  used on input line 30.
(pdftex.def)             Requested size: 418.25708pt x 284.53528pt.

Overfull \hbox (9.0034pt too wide) in paragraph at lines 30--31
 [][] 
 []


Overfull \hbox (4.8652pt too wide) in paragraph at lines 35--36
\T1/cmr/m/n/12 brick pos-sesses the high-est value of 12.5 MPa, whereas the re-cy-cled textile-reinforced
 []



[52 <./Assets/32.png (PNG copy)>]
<Assets/33.png, id=223, 596.2275pt x 449.68pt>
File: Assets/33.png Graphic file (type png)
<use Assets/33.png>
Package pdftex.def Info: Assets/33.png  used on input line 40.
(pdftex.def)             Requested size: 418.25708pt x 284.54184pt.

Overfull \hbox (9.0034pt too wide) in paragraph at lines 40--41
 [][] 
 []



[53 <./Assets/33.png (PNG copy)>]
<Assets/34.jpg, id=228, 383.3595pt x 252.288pt>
File: Assets/34.jpg Graphic file (type jpg)
<use Assets/34.jpg>
Package pdftex.def Info: Assets/34.jpg  used on input line 50.
(pdftex.def)             Requested size: 418.26888pt x 284.53162pt.

Overfull \hbox (9.0152pt too wide) in paragraph at lines 50--51
 [][] 
 []



[54 <./Assets/34.jpg>]
<Assets/35.jpg, id=232, 383.3595pt x 253.602pt>
File: Assets/35.jpg Graphic file (type jpg)
<use Assets/35.jpg>
Package pdftex.def Info: Assets/35.jpg  used on input line 60.
(pdftex.def)             Requested size: 418.26888pt x 284.53535pt.

Overfull \hbox (9.0152pt too wide) in paragraph at lines 60--61
 [][] 
 []



[55 <./Assets/35.jpg>]
<Assets/36.png, id=236, 596.2275pt x 449.68pt>
File: Assets/36.png Graphic file (type png)
<use Assets/36.png>
Package pdftex.def Info: Assets/36.png  used on input line 70.
(pdftex.def)             Requested size: 418.25708pt x 284.54184pt.

Overfull \hbox (9.0034pt too wide) in paragraph at lines 70--71
 [][] 
 []

) (Sections/4.5.tex

[56 <./Assets/36.png (PNG copy)>]
Underfull \hbox (badness 10000) in paragraph at lines 5--6

 []


Underfull \hbox (badness 10000) in paragraph at lines 20--21

 []



[57]
Underfull \hbox (badness 10000) in paragraph at lines 34--35

 []

)) (Chapters/ch05_Conclusion.tex

[58]
Chapter 5.

Underfull \hbox (badness 10000) in paragraph at lines 2--3

 []


Underfull \hbox (badness 10000) in paragraph at lines 4--5

 []


Underfull \hbox (badness 10000) in paragraph at lines 6--7

 []


Underfull \hbox (badness 10000) in paragraph at lines 8--9

 []



[59

]
Underfull \hbox (badness 10000) in paragraph at lines 10--11

 []


Underfull \hbox (badness 10000) in paragraph at lines 12--13

 []


Underfull \hbox (badness 10000) in paragraph at lines 14--15

 []

)

[60] (main.aux)
 ***********
LaTeX2e <2025-06-01> patch level 1
L3 programming layer <2025-07-20>
 ***********


LaTeX Warning: There were multiply-defined labels.

 ) 
Here is how much of TeX's memory you used:
 8347 strings out of 468133
 142812 string characters out of 5431204
 567885 words of memory out of 5000000
 36751 multiletter control sequences out of 15000+600000
 640560 words of font info for 67 fonts, out of 8000000 for 9000
 1141 hyphenation exceptions out of 8191
 83i,12n,131p,2224b,422s stack positions out of 10000i,1000n,20000p,200000b,200000s
 <C:\Users\user\AppData\Local\MiKTeX\fonts/pk/ljfour/jknappen/ec/dpi600\ecti1200.pk> <C:\Users\user\AppData\Local\MiKTeX\fonts/pk/ljfour/jknappen/ec/dpi600\ecbx1440.pk> <C:\Users\user\AppData\Local\MiKTeX\fonts/pk/ljfour/jknappen/ec/dpi600\tcrm1200.pk> <C:\Users\user\AppData\Local\MiKTeX\fonts/pk/ljfour/jknappen/ec/dpi600\ecbx2488.pk> <C:\Users\user\AppData\Local\MiKTeX\fonts/pk/ljfour/jknappen/ec/dpi600\ecbx1728.pk> <C:\Users\user\AppData\Local\MiKTeX\fonts/pk/ljfour/jknappen/ec/dpi600\ecbx1200.pk> <C:\Users\user\AppData\Local\MiKTeX\fonts/pk/ljfour/jknappen/ec/dpi600\ecrm1200.pk><C:/Users/user/AppData/Local/Programs/MiKTeX/fonts/type1/public/amsfonts/cm/cmr12.pfb><C:/Users/user/AppData/Local/Programs/MiKTeX/fonts/type1/public/amsfonts/cm/cmr8.pfb><C:/Users/user/AppData/Local/Programs/MiKTeX/fonts/type1/public/amsfonts/cm/cmsy10.pfb>
Output written on main.pdf (62 pages, 11516776 bytes).
PDF statistics:
 589 PDF objects out of 1000 (max. 8388607)
 0 named destinations out of 1000 (max. 500000)
 186 words of extra memory for PDF output out of 10000 (max. 10000000)

